.\Debug\Wilson6.bsc
.\Debug\Wilson6.ilk
.\Debug\Wilson6.pdb
E:\QY_E\PRJ\MAN0528(VS2010）\MAN0623\DEBUG\3DPOINT.OBJ
E:\QY_E\PRJ\MAN0528(VS2010）\MAN0623\DEBUG\3DPOINT.SBR
E:\QY_E\PRJ\MAN0528(VS2010）\MAN0623\DEBUG\AMPSCALE.OBJ
E:\QY_E\PRJ\MAN0528(VS2010）\MAN0623\DEBUG\AMPSCALE.SBR
E:\QY_E\PRJ\MAN0528(VS2010）\MAN0623\DEBUG\BIAODING.OBJ
E:\QY_E\PRJ\MAN0528(VS2010）\MAN0623\DEBUG\BIAODING.SBR
E:\QY_E\PRJ\MAN0528(VS2010）\MAN0623\DEBUG\BODY.OBJ
E:\QY_E\PRJ\MAN0528(VS2010）\MAN0623\DEBUG\BODY.SBR
E:\QY_E\PRJ\MAN0528(VS2010）\MAN0623\DEBUG\CANSHUCHUSHI.OBJ
E:\QY_E\PRJ\MAN0528(VS2010）\MAN0623\DEBUG\CANSHUCHUSHI.SBR
E:\QY_E\PRJ\MAN0528(VS2010）\MAN0623\DEBUG\COLORMAP.OBJ
E:\QY_E\PRJ\MAN0528(VS2010）\MAN0623\DEBUG\COLORMAP.SBR
E:\QY_E\PRJ\MAN0528(VS2010）\MAN0623\DEBUG\COMBOTOOLBAR1.OBJ
E:\QY_E\PRJ\MAN0528(VS2010）\MAN0623\DEBUG\COMBOTOOLBAR1.SBR
E:\QY_E\PRJ\MAN0528(VS2010）\MAN0623\DEBUG\DESKTOPVIEW.OBJ
E:\QY_E\PRJ\MAN0528(VS2010）\MAN0623\DEBUG\DESKTOPVIEW.SBR
E:\QY_E\PRJ\MAN0528(VS2010）\MAN0623\DEBUG\DLG_CZD.OBJ
E:\QY_E\PRJ\MAN0528(VS2010）\MAN0623\DEBUG\DLG_CZD.SBR
E:\QY_E\PRJ\MAN0528(VS2010）\MAN0623\DEBUG\DLG_PMD.OBJ
E:\QY_E\PRJ\MAN0528(VS2010）\MAN0623\DEBUG\DLG_PMD.SBR
E:\QY_E\PRJ\MAN0528(VS2010）\MAN0623\DEBUG\DLG_PMPXD.OBJ
E:\QY_E\PRJ\MAN0528(VS2010）\MAN0623\DEBUG\DLG_PMPXD.SBR
E:\QY_E\PRJ\MAN0528(VS2010）\MAN0623\DEBUG\DLG_PXD.OBJ
E:\QY_E\PRJ\MAN0528(VS2010）\MAN0623\DEBUG\DLG_PXD.SBR
E:\QY_E\PRJ\MAN0528(VS2010）\MAN0623\DEBUG\DLG_QKXS.OBJ
E:\QY_E\PRJ\MAN0528(VS2010）\MAN0623\DEBUG\DLG_QKXS.SBR
E:\QY_E\PRJ\MAN0528(VS2010）\MAN0623\DEBUG\DLG_SAVEPATH.OBJ
E:\QY_E\PRJ\MAN0528(VS2010）\MAN0623\DEBUG\DLG_SAVEPATH.SBR
E:\QY_E\PRJ\MAN0528(VS2010）\MAN0623\DEBUG\DLG_TZD.OBJ
E:\QY_E\PRJ\MAN0528(VS2010）\MAN0623\DEBUG\DLG_TZD.SBR
E:\QY_E\PRJ\MAN0528(VS2010）\MAN0623\DEBUG\DLG_YD.OBJ
E:\QY_E\PRJ\MAN0528(VS2010）\MAN0623\DEBUG\DLG_YD.SBR
E:\QY_E\PRJ\MAN0528(VS2010）\MAN0623\DEBUG\DLG_YZD.OBJ
E:\QY_E\PRJ\MAN0528(VS2010）\MAN0623\DEBUG\DLG_YZD.SBR
E:\QY_E\PRJ\MAN0528(VS2010）\MAN0623\DEBUG\DLG_ZXD.OBJ
E:\QY_E\PRJ\MAN0528(VS2010）\MAN0623\DEBUG\DLG_ZXD.SBR
E:\QY_E\PRJ\MAN0528(VS2010）\MAN0623\DEBUG\DLGAJUSTCENTER.OBJ
E:\QY_E\PRJ\MAN0528(VS2010）\MAN0623\DEBUG\DLGAJUSTCENTER.SBR
E:\QY_E\PRJ\MAN0528(VS2010）\MAN0623\DEBUG\DLGAJUSTCENTERANDPOSE.OBJ
E:\QY_E\PRJ\MAN0528(VS2010）\MAN0623\DEBUG\DLGAJUSTCENTERANDPOSE.SBR
E:\QY_E\PRJ\MAN0528(VS2010）\MAN0623\DEBUG\DLGAJUSTPINGJING.OBJ
E:\QY_E\PRJ\MAN0528(VS2010）\MAN0623\DEBUG\DLGAJUSTPINGJING.SBR
E:\QY_E\PRJ\MAN0528(VS2010）\MAN0623\DEBUG\DLGCHGQBIAODING.OBJ
E:\QY_E\PRJ\MAN0528(VS2010）\MAN0623\DEBUG\DLGCHGQBIAODING.SBR
E:\QY_E\PRJ\MAN0528(VS2010）\MAN0623\DEBUG\DLGEXTENDCIRCLE.OBJ
E:\QY_E\PRJ\MAN0528(VS2010）\MAN0623\DEBUG\DLGEXTENDCIRCLE.SBR
E:\QY_E\PRJ\MAN0528(VS2010）\MAN0623\DEBUG\DLGFREQUENCY1.OBJ
E:\QY_E\PRJ\MAN0528(VS2010）\MAN0623\DEBUG\DLGFREQUENCY1.SBR
E:\QY_E\PRJ\MAN0528(VS2010）\MAN0623\DEBUG\DLGGONGYISETTING.OBJ
E:\QY_E\PRJ\MAN0528(VS2010）\MAN0623\DEBUG\DLGGONGYISETTING.SBR
E:\QY_E\PRJ\MAN0528(VS2010）\MAN0623\DEBUG\DLGHANDS.OBJ
E:\QY_E\PRJ\MAN0528(VS2010）\MAN0623\DEBUG\DLGHANDS.SBR
E:\QY_E\PRJ\MAN0528(VS2010）\MAN0623\DEBUG\DLGMACHINEINF.OBJ
E:\QY_E\PRJ\MAN0528(VS2010）\MAN0623\DEBUG\DLGMACHINEINF.SBR
E:\QY_E\PRJ\MAN0528(VS2010）\MAN0623\DEBUG\DLGONEAXISPARA.OBJ
E:\QY_E\PRJ\MAN0528(VS2010）\MAN0623\DEBUG\DLGONEAXISPARA.SBR
E:\QY_E\PRJ\MAN0528(VS2010）\MAN0623\DEBUG\DLGONEAXISPARA1.OBJ
E:\QY_E\PRJ\MAN0528(VS2010）\MAN0623\DEBUG\DLGONEAXISPARA1.SBR
E:\QY_E\PRJ\MAN0528(VS2010）\MAN0623\DEBUG\DLGUSERMANAGEMENT.OBJ
E:\QY_E\PRJ\MAN0528(VS2010）\MAN0623\DEBUG\DLGUSERMANAGEMENT.SBR
E:\QY_E\PRJ\MAN0528(VS2010）\MAN0623\DEBUG\DLGZUOBIAO.OBJ
E:\QY_E\PRJ\MAN0528(VS2010）\MAN0623\DEBUG\DLGZUOBIAO.SBR
E:\QY_E\PRJ\MAN0528(VS2010）\MAN0623\DEBUG\DOADJUSTORITATION.OBJ
E:\QY_E\PRJ\MAN0528(VS2010）\MAN0623\DEBUG\DOADJUSTORITATION.SBR
E:\QY_E\PRJ\MAN0528(VS2010）\MAN0623\DEBUG\DOADJUSTPOSITION.OBJ
E:\QY_E\PRJ\MAN0528(VS2010）\MAN0623\DEBUG\DOADJUSTPOSITION.SBR
E:\QY_E\PRJ\MAN0528(VS2010）\MAN0623\DEBUG\DOCIRCLE.OBJ
E:\QY_E\PRJ\MAN0528(VS2010）\MAN0623\DEBUG\DOCIRCLE.SBR
E:\QY_E\PRJ\MAN0528(VS2010）\MAN0623\DEBUG\DOCIRCLERUNOUT.OBJ
E:\QY_E\PRJ\MAN0528(VS2010）\MAN0623\DEBUG\DOCIRCLERUNOUT.SBR
E:\QY_E\PRJ\MAN0528(VS2010）\MAN0623\DEBUG\DOCOAXIALITY.OBJ
E:\QY_E\PRJ\MAN0528(VS2010）\MAN0623\DEBUG\DOCOAXIALITY.SBR
E:\QY_E\PRJ\MAN0528(VS2010）\MAN0623\DEBUG\DOCYLINDER.OBJ
E:\QY_E\PRJ\MAN0528(VS2010）\MAN0623\DEBUG\DOCYLINDER.SBR
E:\QY_E\PRJ\MAN0528(VS2010）\MAN0623\DEBUG\DODYNAMICDISPLAY.OBJ
E:\QY_E\PRJ\MAN0528(VS2010）\MAN0623\DEBUG\DODYNAMICDISPLAY.SBR
E:\QY_E\PRJ\MAN0528(VS2010）\MAN0623\DEBUG\DOPARALLELISM.OBJ
E:\QY_E\PRJ\MAN0528(VS2010）\MAN0623\DEBUG\DOPARALLELISM.SBR
E:\QY_E\PRJ\MAN0528(VS2010）\MAN0623\DEBUG\DOPLANENESS.OBJ
E:\QY_E\PRJ\MAN0528(VS2010）\MAN0623\DEBUG\DOPLANENESS.SBR
E:\QY_E\PRJ\MAN0528(VS2010）\MAN0623\DEBUG\DOSTRAIGHTNESS.OBJ
E:\QY_E\PRJ\MAN0528(VS2010）\MAN0623\DEBUG\DOSTRAIGHTNESS.SBR
E:\QY_E\PRJ\MAN0528(VS2010）\MAN0623\DEBUG\DOVERTICALITY.OBJ
E:\QY_E\PRJ\MAN0528(VS2010）\MAN0623\DEBUG\DOVERTICALITY.SBR
E:\QY_E\PRJ\MAN0528(VS2010）\MAN0623\DEBUG\HEADERCTRLCL.OBJ
E:\QY_E\PRJ\MAN0528(VS2010）\MAN0623\DEBUG\HEADERCTRLCL.SBR
E:\QY_E\PRJ\MAN0528(VS2010）\MAN0623\DEBUG\JMANALYSE.OBJ
E:\QY_E\PRJ\MAN0528(VS2010）\MAN0623\DEBUG\JMANALYSE.SBR
E:\QY_E\PRJ\MAN0528(VS2010）\MAN0623\DEBUG\LINE.OBJ
E:\QY_E\PRJ\MAN0528(VS2010）\MAN0623\DEBUG\LINE.SBR
E:\QY_E\PRJ\MAN0528(VS2010）\MAN0623\DEBUG\LISTCTRLCL.OBJ
E:\QY_E\PRJ\MAN0528(VS2010）\MAN0623\DEBUG\LISTCTRLCL.SBR
E:\QY_E\PRJ\MAN0528(VS2010）\MAN0623\DEBUG\LOGIN.OBJ
E:\QY_E\PRJ\MAN0528(VS2010）\MAN0623\DEBUG\LOGIN.SBR
E:\QY_E\PRJ\MAN0528(VS2010）\MAN0623\DEBUG\MAINFRM.OBJ
E:\QY_E\PRJ\MAN0528(VS2010）\MAN0623\DEBUG\MAINFRM.SBR
E:\QY_E\PRJ\MAN0528(VS2010）\MAN0623\DEBUG\MOTORCORRECTION.OBJ
E:\QY_E\PRJ\MAN0528(VS2010）\MAN0623\DEBUG\MOTORCORRECTION.SBR
E:\QY_E\PRJ\MAN0528(VS2010）\MAN0623\DEBUG\MOTORSTATE.OBJ
E:\QY_E\PRJ\MAN0528(VS2010）\MAN0623\DEBUG\MOTORSTATE.SBR
E:\QY_E\PRJ\MAN0528(VS2010）\MAN0623\DEBUG\PAGEEDIT.OBJ
E:\QY_E\PRJ\MAN0528(VS2010）\MAN0623\DEBUG\PAGEEDIT.SBR
E:\QY_E\PRJ\MAN0528(VS2010）\MAN0623\DEBUG\PAGEFILTER.OBJ
E:\QY_E\PRJ\MAN0528(VS2010）\MAN0623\DEBUG\PAGEFILTER.SBR
E:\QY_E\PRJ\MAN0528(VS2010）\MAN0623\DEBUG\PAGEINOROUT.OBJ
E:\QY_E\PRJ\MAN0528(VS2010）\MAN0623\DEBUG\PAGEINOROUT.SBR
E:\QY_E\PRJ\MAN0528(VS2010）\MAN0623\DEBUG\PAGEPARAG.OBJ
E:\QY_E\PRJ\MAN0528(VS2010）\MAN0623\DEBUG\PAGEPARAG.SBR
E:\QY_E\PRJ\MAN0528(VS2010）\MAN0623\DEBUG\PAGEPROALG.OBJ
E:\QY_E\PRJ\MAN0528(VS2010）\MAN0623\DEBUG\PAGEPROALG.SBR
E:\QY_E\PRJ\MAN0528(VS2010）\MAN0623\DEBUG\PAGESELECT.OBJ
E:\QY_E\PRJ\MAN0528(VS2010）\MAN0623\DEBUG\PAGESELECT.SBR
E:\QY_E\PRJ\MAN0528(VS2010）\MAN0623\DEBUG\PAGETARGETECCENTRICITY.OBJ
E:\QY_E\PRJ\MAN0528(VS2010）\MAN0623\DEBUG\PAGETARGETECCENTRICITY.SBR
E:\QY_E\PRJ\MAN0528(VS2010）\MAN0623\DEBUG\PAGETIMES.OBJ
E:\QY_E\PRJ\MAN0528(VS2010）\MAN0623\DEBUG\PAGETIMES.SBR
E:\QY_E\PRJ\MAN0528(VS2010）\MAN0623\DEBUG\PROPERTYDLG.OBJ
E:\QY_E\PRJ\MAN0528(VS2010）\MAN0623\DEBUG\PROPERTYDLG.SBR
E:\QY_E\PRJ\MAN0528(VS2010）\MAN0623\DEBUG\SCBARG.OBJ
E:\QY_E\PRJ\MAN0528(VS2010）\MAN0623\DEBUG\SCBARG.SBR
E:\QY_E\PRJ\MAN0528(VS2010）\MAN0623\DEBUG\SIZECBAR.OBJ
E:\QY_E\PRJ\MAN0528(VS2010）\MAN0623\DEBUG\SIZECBAR.SBR
E:\QY_E\PRJ\MAN0528(VS2010）\MAN0623\DEBUG\STDAFX.OBJ
E:\QY_E\PRJ\MAN0528(VS2010）\MAN0623\DEBUG\STDAFX.SBR
E:\QY_E\PRJ\MAN0528(VS2010）\MAN0623\DEBUG\VC100.PDB
E:\QY_E\PRJ\MAN0528(VS2010）\MAN0623\DEBUG\WILSON6.BSC
E:\QY_E\PRJ\MAN0528(VS2010）\MAN0623\DEBUG\WILSON6.EXE
E:\QY_E\PRJ\MAN0528(VS2010）\MAN0623\DEBUG\WILSON6.EXE.INTERMEDIATE.MANIFEST
E:\QY_E\PRJ\MAN0528(VS2010）\MAN0623\DEBUG\WILSON6.ILK
E:\QY_E\PRJ\MAN0528(VS2010）\MAN0623\DEBUG\WILSON6.OBJ
E:\QY_E\PRJ\MAN0528(VS2010）\MAN0623\DEBUG\WILSON6.PCH
E:\QY_E\PRJ\MAN0528(VS2010）\MAN0623\DEBUG\WILSON6.PDB
E:\QY_E\PRJ\MAN0528(VS2010）\MAN0623\DEBUG\WILSON6.RES
E:\QY_E\PRJ\MAN0528(VS2010）\MAN0623\DEBUG\WILSON6.SBR
E:\QY_E\PRJ\MAN0528(VS2010）\MAN0623\DEBUG\WILSONFRAME.OBJ
E:\QY_E\PRJ\MAN0528(VS2010）\MAN0623\DEBUG\WILSONFRAME.SBR
E:\QY_E\PRJ\MAN0623(VS2010）\MAN0623\DEBUG\3DPOINT.OBJ
E:\QY_E\PRJ\MAN0623(VS2010）\MAN0623\DEBUG\3DPOINT.SBR
E:\QY_E\PRJ\MAN0623(VS2010）\MAN0623\DEBUG\AMPSCALE.OBJ
E:\QY_E\PRJ\MAN0623(VS2010）\MAN0623\DEBUG\AMPSCALE.SBR
E:\QY_E\PRJ\MAN0623(VS2010）\MAN0623\DEBUG\BIAODING.OBJ
E:\QY_E\PRJ\MAN0623(VS2010）\MAN0623\DEBUG\BIAODING.SBR
E:\QY_E\PRJ\MAN0623(VS2010）\MAN0623\DEBUG\BODY.OBJ
E:\QY_E\PRJ\MAN0623(VS2010）\MAN0623\DEBUG\BODY.SBR
E:\QY_E\PRJ\MAN0623(VS2010）\MAN0623\DEBUG\CANSHUCHUSHI.OBJ
E:\QY_E\PRJ\MAN0623(VS2010）\MAN0623\DEBUG\CANSHUCHUSHI.SBR
E:\QY_E\PRJ\MAN0623(VS2010）\MAN0623\DEBUG\COLORMAP.OBJ
E:\QY_E\PRJ\MAN0623(VS2010）\MAN0623\DEBUG\COLORMAP.SBR
E:\QY_E\PRJ\MAN0623(VS2010）\MAN0623\DEBUG\COMBOTOOLBAR1.OBJ
E:\QY_E\PRJ\MAN0623(VS2010）\MAN0623\DEBUG\COMBOTOOLBAR1.SBR
E:\QY_E\PRJ\MAN0623(VS2010）\MAN0623\DEBUG\DESKTOPVIEW.OBJ
E:\QY_E\PRJ\MAN0623(VS2010）\MAN0623\DEBUG\DESKTOPVIEW.SBR
E:\QY_E\PRJ\MAN0623(VS2010）\MAN0623\DEBUG\DLG_CZD.OBJ
E:\QY_E\PRJ\MAN0623(VS2010）\MAN0623\DEBUG\DLG_CZD.SBR
E:\QY_E\PRJ\MAN0623(VS2010）\MAN0623\DEBUG\DLG_PMD.OBJ
E:\QY_E\PRJ\MAN0623(VS2010）\MAN0623\DEBUG\DLG_PMD.SBR
E:\QY_E\PRJ\MAN0623(VS2010）\MAN0623\DEBUG\DLG_PMPXD.OBJ
E:\QY_E\PRJ\MAN0623(VS2010）\MAN0623\DEBUG\DLG_PMPXD.SBR
E:\QY_E\PRJ\MAN0623(VS2010）\MAN0623\DEBUG\DLG_PXD.OBJ
E:\QY_E\PRJ\MAN0623(VS2010）\MAN0623\DEBUG\DLG_PXD.SBR
E:\QY_E\PRJ\MAN0623(VS2010）\MAN0623\DEBUG\DLG_QKXS.OBJ
E:\QY_E\PRJ\MAN0623(VS2010）\MAN0623\DEBUG\DLG_QKXS.SBR
E:\QY_E\PRJ\MAN0623(VS2010）\MAN0623\DEBUG\DLG_SAVEPATH.OBJ
E:\QY_E\PRJ\MAN0623(VS2010）\MAN0623\DEBUG\DLG_SAVEPATH.SBR
E:\QY_E\PRJ\MAN0623(VS2010）\MAN0623\DEBUG\DLG_TZD.OBJ
E:\QY_E\PRJ\MAN0623(VS2010）\MAN0623\DEBUG\DLG_TZD.SBR
E:\QY_E\PRJ\MAN0623(VS2010）\MAN0623\DEBUG\DLG_YD.OBJ
E:\QY_E\PRJ\MAN0623(VS2010）\MAN0623\DEBUG\DLG_YD.SBR
E:\QY_E\PRJ\MAN0623(VS2010）\MAN0623\DEBUG\DLG_YZD.OBJ
E:\QY_E\PRJ\MAN0623(VS2010）\MAN0623\DEBUG\DLG_YZD.SBR
E:\QY_E\PRJ\MAN0623(VS2010）\MAN0623\DEBUG\DLG_ZXD.OBJ
E:\QY_E\PRJ\MAN0623(VS2010）\MAN0623\DEBUG\DLG_ZXD.SBR
E:\QY_E\PRJ\MAN0623(VS2010）\MAN0623\DEBUG\DLGAJUSTCENTER.OBJ
E:\QY_E\PRJ\MAN0623(VS2010）\MAN0623\DEBUG\DLGAJUSTCENTER.SBR
E:\QY_E\PRJ\MAN0623(VS2010）\MAN0623\DEBUG\DLGAJUSTCENTERANDPOSE.OBJ
E:\QY_E\PRJ\MAN0623(VS2010）\MAN0623\DEBUG\DLGAJUSTCENTERANDPOSE.SBR
E:\QY_E\PRJ\MAN0623(VS2010）\MAN0623\DEBUG\DLGAJUSTPINGJING.OBJ
E:\QY_E\PRJ\MAN0623(VS2010）\MAN0623\DEBUG\DLGAJUSTPINGJING.SBR
E:\QY_E\PRJ\MAN0623(VS2010）\MAN0623\DEBUG\DLGCHGQBIAODING.OBJ
E:\QY_E\PRJ\MAN0623(VS2010）\MAN0623\DEBUG\DLGCHGQBIAODING.SBR
E:\QY_E\PRJ\MAN0623(VS2010）\MAN0623\DEBUG\DLGEXTENDCIRCLE.OBJ
E:\QY_E\PRJ\MAN0623(VS2010）\MAN0623\DEBUG\DLGEXTENDCIRCLE.SBR
E:\QY_E\PRJ\MAN0623(VS2010）\MAN0623\DEBUG\DLGFREQUENCY1.OBJ
E:\QY_E\PRJ\MAN0623(VS2010）\MAN0623\DEBUG\DLGFREQUENCY1.SBR
E:\QY_E\PRJ\MAN0623(VS2010）\MAN0623\DEBUG\DLGGONGYISETTING.OBJ
E:\QY_E\PRJ\MAN0623(VS2010）\MAN0623\DEBUG\DLGGONGYISETTING.SBR
E:\QY_E\PRJ\MAN0623(VS2010）\MAN0623\DEBUG\DLGHANDS.OBJ
E:\QY_E\PRJ\MAN0623(VS2010）\MAN0623\DEBUG\DLGHANDS.SBR
E:\QY_E\PRJ\MAN0623(VS2010）\MAN0623\DEBUG\DLGMACHINEINF.OBJ
E:\QY_E\PRJ\MAN0623(VS2010）\MAN0623\DEBUG\DLGMACHINEINF.SBR
E:\QY_E\PRJ\MAN0623(VS2010）\MAN0623\DEBUG\DLGONEAXISPARA.OBJ
E:\QY_E\PRJ\MAN0623(VS2010）\MAN0623\DEBUG\DLGONEAXISPARA.SBR
E:\QY_E\PRJ\MAN0623(VS2010）\MAN0623\DEBUG\DLGONEAXISPARA1.OBJ
E:\QY_E\PRJ\MAN0623(VS2010）\MAN0623\DEBUG\DLGONEAXISPARA1.SBR
E:\QY_E\PRJ\MAN0623(VS2010）\MAN0623\DEBUG\DLGUSERMANAGEMENT.OBJ
E:\QY_E\PRJ\MAN0623(VS2010）\MAN0623\DEBUG\DLGUSERMANAGEMENT.SBR
E:\QY_E\PRJ\MAN0623(VS2010）\MAN0623\DEBUG\DLGZUOBIAO.OBJ
E:\QY_E\PRJ\MAN0623(VS2010）\MAN0623\DEBUG\DLGZUOBIAO.SBR
E:\QY_E\PRJ\MAN0623(VS2010）\MAN0623\DEBUG\DOADJUSTORITATION.OBJ
E:\QY_E\PRJ\MAN0623(VS2010）\MAN0623\DEBUG\DOADJUSTORITATION.SBR
E:\QY_E\PRJ\MAN0623(VS2010）\MAN0623\DEBUG\DOADJUSTPOSITION.OBJ
E:\QY_E\PRJ\MAN0623(VS2010）\MAN0623\DEBUG\DOADJUSTPOSITION.SBR
E:\QY_E\PRJ\MAN0623(VS2010）\MAN0623\DEBUG\DOCIRCLE.OBJ
E:\QY_E\PRJ\MAN0623(VS2010）\MAN0623\DEBUG\DOCIRCLE.SBR
E:\QY_E\PRJ\MAN0623(VS2010）\MAN0623\DEBUG\DOCIRCLERUNOUT.OBJ
E:\QY_E\PRJ\MAN0623(VS2010）\MAN0623\DEBUG\DOCIRCLERUNOUT.SBR
E:\QY_E\PRJ\MAN0623(VS2010）\MAN0623\DEBUG\DOCOAXIALITY.OBJ
E:\QY_E\PRJ\MAN0623(VS2010）\MAN0623\DEBUG\DOCOAXIALITY.SBR
E:\QY_E\PRJ\MAN0623(VS2010）\MAN0623\DEBUG\DOCYLINDER.OBJ
E:\QY_E\PRJ\MAN0623(VS2010）\MAN0623\DEBUG\DOCYLINDER.SBR
E:\QY_E\PRJ\MAN0623(VS2010）\MAN0623\DEBUG\DODYNAMICDISPLAY.OBJ
E:\QY_E\PRJ\MAN0623(VS2010）\MAN0623\DEBUG\DODYNAMICDISPLAY.SBR
E:\QY_E\PRJ\MAN0623(VS2010）\MAN0623\DEBUG\DOPARALLELISM.OBJ
E:\QY_E\PRJ\MAN0623(VS2010）\MAN0623\DEBUG\DOPARALLELISM.SBR
E:\QY_E\PRJ\MAN0623(VS2010）\MAN0623\DEBUG\DOPLANENESS.OBJ
E:\QY_E\PRJ\MAN0623(VS2010）\MAN0623\DEBUG\DOPLANENESS.SBR
E:\QY_E\PRJ\MAN0623(VS2010）\MAN0623\DEBUG\DOSTRAIGHTNESS.OBJ
E:\QY_E\PRJ\MAN0623(VS2010）\MAN0623\DEBUG\DOSTRAIGHTNESS.SBR
E:\QY_E\PRJ\MAN0623(VS2010）\MAN0623\DEBUG\DOVERTICALITY.OBJ
E:\QY_E\PRJ\MAN0623(VS2010）\MAN0623\DEBUG\DOVERTICALITY.SBR
E:\QY_E\PRJ\MAN0623(VS2010）\MAN0623\DEBUG\HEADERCTRLCL.OBJ
E:\QY_E\PRJ\MAN0623(VS2010）\MAN0623\DEBUG\HEADERCTRLCL.SBR
E:\QY_E\PRJ\MAN0623(VS2010）\MAN0623\DEBUG\JMANALYSE.OBJ
E:\QY_E\PRJ\MAN0623(VS2010）\MAN0623\DEBUG\JMANALYSE.SBR
E:\QY_E\PRJ\MAN0623(VS2010）\MAN0623\DEBUG\LINE.OBJ
E:\QY_E\PRJ\MAN0623(VS2010）\MAN0623\DEBUG\LINE.SBR
E:\QY_E\PRJ\MAN0623(VS2010）\MAN0623\DEBUG\LISTCTRLCL.OBJ
E:\QY_E\PRJ\MAN0623(VS2010）\MAN0623\DEBUG\LISTCTRLCL.SBR
E:\QY_E\PRJ\MAN0623(VS2010）\MAN0623\DEBUG\LOGIN.OBJ
E:\QY_E\PRJ\MAN0623(VS2010）\MAN0623\DEBUG\LOGIN.SBR
E:\QY_E\PRJ\MAN0623(VS2010）\MAN0623\DEBUG\MAINFRM.OBJ
E:\QY_E\PRJ\MAN0623(VS2010）\MAN0623\DEBUG\MAINFRM.SBR
E:\QY_E\PRJ\MAN0623(VS2010）\MAN0623\DEBUG\MOTORCORRECTION.OBJ
E:\QY_E\PRJ\MAN0623(VS2010）\MAN0623\DEBUG\MOTORCORRECTION.SBR
E:\QY_E\PRJ\MAN0623(VS2010）\MAN0623\DEBUG\MOTORSTATE.OBJ
E:\QY_E\PRJ\MAN0623(VS2010）\MAN0623\DEBUG\MOTORSTATE.SBR
E:\QY_E\PRJ\MAN0623(VS2010）\MAN0623\DEBUG\PAGEEDIT.OBJ
E:\QY_E\PRJ\MAN0623(VS2010）\MAN0623\DEBUG\PAGEEDIT.SBR
E:\QY_E\PRJ\MAN0623(VS2010）\MAN0623\DEBUG\PAGEFILTER.OBJ
E:\QY_E\PRJ\MAN0623(VS2010）\MAN0623\DEBUG\PAGEFILTER.SBR
E:\QY_E\PRJ\MAN0623(VS2010）\MAN0623\DEBUG\PAGEINOROUT.OBJ
E:\QY_E\PRJ\MAN0623(VS2010）\MAN0623\DEBUG\PAGEINOROUT.SBR
E:\QY_E\PRJ\MAN0623(VS2010）\MAN0623\DEBUG\PAGEPARAG.OBJ
E:\QY_E\PRJ\MAN0623(VS2010）\MAN0623\DEBUG\PAGEPARAG.SBR
E:\QY_E\PRJ\MAN0623(VS2010）\MAN0623\DEBUG\PAGEPROALG.OBJ
E:\QY_E\PRJ\MAN0623(VS2010）\MAN0623\DEBUG\PAGEPROALG.SBR
E:\QY_E\PRJ\MAN0623(VS2010）\MAN0623\DEBUG\PAGESELECT.OBJ
E:\QY_E\PRJ\MAN0623(VS2010）\MAN0623\DEBUG\PAGESELECT.SBR
E:\QY_E\PRJ\MAN0623(VS2010）\MAN0623\DEBUG\PAGETARGETECCENTRICITY.OBJ
E:\QY_E\PRJ\MAN0623(VS2010）\MAN0623\DEBUG\PAGETARGETECCENTRICITY.SBR
E:\QY_E\PRJ\MAN0623(VS2010）\MAN0623\DEBUG\PAGETIMES.OBJ
E:\QY_E\PRJ\MAN0623(VS2010）\MAN0623\DEBUG\PAGETIMES.SBR
E:\QY_E\PRJ\MAN0623(VS2010）\MAN0623\DEBUG\PROPERTYDLG.OBJ
E:\QY_E\PRJ\MAN0623(VS2010）\MAN0623\DEBUG\PROPERTYDLG.SBR
E:\QY_E\PRJ\MAN0623(VS2010）\MAN0623\DEBUG\SCBARG.OBJ
E:\QY_E\PRJ\MAN0623(VS2010）\MAN0623\DEBUG\SCBARG.SBR
E:\QY_E\PRJ\MAN0623(VS2010）\MAN0623\DEBUG\SIZECBAR.OBJ
E:\QY_E\PRJ\MAN0623(VS2010）\MAN0623\DEBUG\SIZECBAR.SBR
E:\QY_E\PRJ\MAN0623(VS2010）\MAN0623\DEBUG\STDAFX.OBJ
E:\QY_E\PRJ\MAN0623(VS2010）\MAN0623\DEBUG\STDAFX.SBR
E:\QY_E\PRJ\MAN0623(VS2010）\MAN0623\DEBUG\VC100.PDB
E:\QY_E\PRJ\MAN0623(VS2010）\MAN0623\DEBUG\WILSON6.BSC
E:\QY_E\PRJ\MAN0623(VS2010）\MAN0623\DEBUG\WILSON6.EXE
E:\QY_E\PRJ\MAN0623(VS2010）\MAN0623\DEBUG\WILSON6.EXE.INTERMEDIATE.MANIFEST
E:\QY_E\PRJ\MAN0623(VS2010）\MAN0623\DEBUG\WILSON6.EXE.MANIFEST
E:\QY_E\PRJ\MAN0623(VS2010）\MAN0623\DEBUG\WILSON6.ILK
E:\QY_E\PRJ\MAN0623(VS2010）\MAN0623\DEBUG\WILSON6.OBJ
E:\QY_E\PRJ\MAN0623(VS2010）\MAN0623\DEBUG\WILSON6.PCH
E:\QY_E\PRJ\MAN0623(VS2010）\MAN0623\DEBUG\WILSON6.PDB
E:\QY_E\PRJ\MAN0623(VS2010）\MAN0623\DEBUG\WILSON6.RES
E:\QY_E\PRJ\MAN0623(VS2010）\MAN0623\DEBUG\WILSON6.SBR
E:\QY_E\PRJ\MAN0623(VS2010）\MAN0623\DEBUG\WILSONFRAME.OBJ
E:\QY_E\PRJ\MAN0623(VS2010）\MAN0623\DEBUG\WILSONFRAME.SBR
E:\QY_E\PRJ\YDY_0607\man0623\.\Debug\Wilson6.exe
E:\QY_E\PRJ\YDY_0607\man0623\.\Debug\Wilson6.exe.intermediate.manifest
E:\QY_E\PRJ\YDY_0607\man0623\.\Debug\Wilson6.exe.manifest
E:\QY_E\PRJ\YDY_0607\MAN0623\DEBUG\3DPOINT.OBJ
E:\QY_E\PRJ\YDY_0607\MAN0623\DEBUG\3DPOINT.SBR
E:\QY_E\PRJ\YDY_0607\MAN0623\DEBUG\AMPSCALE.OBJ
E:\QY_E\PRJ\YDY_0607\MAN0623\DEBUG\AMPSCALE.SBR
E:\QY_E\PRJ\YDY_0607\MAN0623\DEBUG\BIAODING.OBJ
E:\QY_E\PRJ\YDY_0607\MAN0623\DEBUG\BIAODING.SBR
E:\QY_E\PRJ\YDY_0607\MAN0623\DEBUG\BODY.OBJ
E:\QY_E\PRJ\YDY_0607\MAN0623\DEBUG\BODY.SBR
E:\QY_E\PRJ\YDY_0607\man0623\Debug\BscMake.command.1.tlog
E:\QY_E\PRJ\YDY_0607\man0623\Debug\bscmake.read.1.tlog
E:\QY_E\PRJ\YDY_0607\man0623\Debug\bscmake.write.1.tlog
E:\QY_E\PRJ\YDY_0607\MAN0623\DEBUG\CANSHUCHUSHI.OBJ
E:\QY_E\PRJ\YDY_0607\MAN0623\DEBUG\CANSHUCHUSHI.SBR
E:\QY_E\PRJ\YDY_0607\man0623\Debug\cl.command.1.tlog
E:\QY_E\PRJ\YDY_0607\man0623\Debug\CL.read.1.tlog
E:\QY_E\PRJ\YDY_0607\man0623\Debug\CL.write.1.tlog
E:\QY_E\PRJ\YDY_0607\MAN0623\DEBUG\COLORMAP.OBJ
E:\QY_E\PRJ\YDY_0607\MAN0623\DEBUG\COLORMAP.SBR
E:\QY_E\PRJ\YDY_0607\MAN0623\DEBUG\COMBOTOOLBAR1.OBJ
E:\QY_E\PRJ\YDY_0607\MAN0623\DEBUG\COMBOTOOLBAR1.SBR
E:\QY_E\PRJ\YDY_0607\MAN0623\DEBUG\DESKTOPVIEW.OBJ
E:\QY_E\PRJ\YDY_0607\MAN0623\DEBUG\DESKTOPVIEW.SBR
E:\QY_E\PRJ\YDY_0607\MAN0623\DEBUG\DLG_CZD.OBJ
E:\QY_E\PRJ\YDY_0607\MAN0623\DEBUG\DLG_CZD.SBR
E:\QY_E\PRJ\YDY_0607\MAN0623\DEBUG\DLG_PMD.OBJ
E:\QY_E\PRJ\YDY_0607\MAN0623\DEBUG\DLG_PMD.SBR
E:\QY_E\PRJ\YDY_0607\MAN0623\DEBUG\DLG_PMPXD.OBJ
E:\QY_E\PRJ\YDY_0607\MAN0623\DEBUG\DLG_PMPXD.SBR
E:\QY_E\PRJ\YDY_0607\MAN0623\DEBUG\DLG_PXD.OBJ
E:\QY_E\PRJ\YDY_0607\MAN0623\DEBUG\DLG_PXD.SBR
E:\QY_E\PRJ\YDY_0607\MAN0623\DEBUG\DLG_QKXS.OBJ
E:\QY_E\PRJ\YDY_0607\MAN0623\DEBUG\DLG_QKXS.SBR
E:\QY_E\PRJ\YDY_0607\MAN0623\DEBUG\DLG_SAVEPATH.OBJ
E:\QY_E\PRJ\YDY_0607\MAN0623\DEBUG\DLG_SAVEPATH.SBR
E:\QY_E\PRJ\YDY_0607\MAN0623\DEBUG\DLG_TZD.OBJ
E:\QY_E\PRJ\YDY_0607\MAN0623\DEBUG\DLG_TZD.SBR
E:\QY_E\PRJ\YDY_0607\MAN0623\DEBUG\DLG_YD.OBJ
E:\QY_E\PRJ\YDY_0607\MAN0623\DEBUG\DLG_YD.SBR
E:\QY_E\PRJ\YDY_0607\MAN0623\DEBUG\DLG_YZD.OBJ
E:\QY_E\PRJ\YDY_0607\MAN0623\DEBUG\DLG_YZD.SBR
E:\QY_E\PRJ\YDY_0607\MAN0623\DEBUG\DLG_ZXD.OBJ
E:\QY_E\PRJ\YDY_0607\MAN0623\DEBUG\DLG_ZXD.SBR
E:\QY_E\PRJ\YDY_0607\MAN0623\DEBUG\DLGAJUSTCENTER.OBJ
E:\QY_E\PRJ\YDY_0607\MAN0623\DEBUG\DLGAJUSTCENTER.SBR
E:\QY_E\PRJ\YDY_0607\MAN0623\DEBUG\DLGAJUSTCENTERANDPOSE.OBJ
E:\QY_E\PRJ\YDY_0607\MAN0623\DEBUG\DLGAJUSTCENTERANDPOSE.SBR
E:\QY_E\PRJ\YDY_0607\MAN0623\DEBUG\DLGAJUSTPINGJING.OBJ
E:\QY_E\PRJ\YDY_0607\MAN0623\DEBUG\DLGAJUSTPINGJING.SBR
E:\QY_E\PRJ\YDY_0607\MAN0623\DEBUG\DLGCHGQBIAODING.OBJ
E:\QY_E\PRJ\YDY_0607\MAN0623\DEBUG\DLGCHGQBIAODING.SBR
E:\QY_E\PRJ\YDY_0607\MAN0623\DEBUG\DLGEXTENDCIRCLE.OBJ
E:\QY_E\PRJ\YDY_0607\MAN0623\DEBUG\DLGEXTENDCIRCLE.SBR
E:\QY_E\PRJ\YDY_0607\MAN0623\DEBUG\DLGFREQUENCY1.OBJ
E:\QY_E\PRJ\YDY_0607\MAN0623\DEBUG\DLGFREQUENCY1.SBR
E:\QY_E\PRJ\YDY_0607\MAN0623\DEBUG\DLGGONGYISETTING.OBJ
E:\QY_E\PRJ\YDY_0607\MAN0623\DEBUG\DLGGONGYISETTING.SBR
E:\QY_E\PRJ\YDY_0607\MAN0623\DEBUG\DLGHANDS.OBJ
E:\QY_E\PRJ\YDY_0607\MAN0623\DEBUG\DLGHANDS.SBR
E:\QY_E\PRJ\YDY_0607\MAN0623\DEBUG\DLGMACHINEINF.OBJ
E:\QY_E\PRJ\YDY_0607\MAN0623\DEBUG\DLGMACHINEINF.SBR
E:\QY_E\PRJ\YDY_0607\MAN0623\DEBUG\DLGONEAXISPARA.OBJ
E:\QY_E\PRJ\YDY_0607\MAN0623\DEBUG\DLGONEAXISPARA.SBR
E:\QY_E\PRJ\YDY_0607\MAN0623\DEBUG\DLGONEAXISPARA1.OBJ
E:\QY_E\PRJ\YDY_0607\MAN0623\DEBUG\DLGONEAXISPARA1.SBR
E:\QY_E\PRJ\YDY_0607\MAN0623\DEBUG\DLGUSERMANAGEMENT.OBJ
E:\QY_E\PRJ\YDY_0607\MAN0623\DEBUG\DLGUSERMANAGEMENT.SBR
E:\QY_E\PRJ\YDY_0607\MAN0623\DEBUG\DLGZUOBIAO.OBJ
E:\QY_E\PRJ\YDY_0607\MAN0623\DEBUG\DLGZUOBIAO.SBR
E:\QY_E\PRJ\YDY_0607\MAN0623\DEBUG\DOADJUSTORITATION.OBJ
E:\QY_E\PRJ\YDY_0607\MAN0623\DEBUG\DOADJUSTORITATION.SBR
E:\QY_E\PRJ\YDY_0607\MAN0623\DEBUG\DOADJUSTPOSITION.OBJ
E:\QY_E\PRJ\YDY_0607\MAN0623\DEBUG\DOADJUSTPOSITION.SBR
E:\QY_E\PRJ\YDY_0607\MAN0623\DEBUG\DOCIRCLE.OBJ
E:\QY_E\PRJ\YDY_0607\MAN0623\DEBUG\DOCIRCLE.SBR
E:\QY_E\PRJ\YDY_0607\MAN0623\DEBUG\DOCIRCLERUNOUT.OBJ
E:\QY_E\PRJ\YDY_0607\MAN0623\DEBUG\DOCIRCLERUNOUT.SBR
E:\QY_E\PRJ\YDY_0607\MAN0623\DEBUG\DOCOAXIALITY.OBJ
E:\QY_E\PRJ\YDY_0607\MAN0623\DEBUG\DOCOAXIALITY.SBR
E:\QY_E\PRJ\YDY_0607\MAN0623\DEBUG\DOCYLINDER.OBJ
E:\QY_E\PRJ\YDY_0607\MAN0623\DEBUG\DOCYLINDER.SBR
E:\QY_E\PRJ\YDY_0607\MAN0623\DEBUG\DODYNAMICDISPLAY.OBJ
E:\QY_E\PRJ\YDY_0607\MAN0623\DEBUG\DODYNAMICDISPLAY.SBR
E:\QY_E\PRJ\YDY_0607\MAN0623\DEBUG\DOPARALLELISM.OBJ
E:\QY_E\PRJ\YDY_0607\MAN0623\DEBUG\DOPARALLELISM.SBR
E:\QY_E\PRJ\YDY_0607\MAN0623\DEBUG\DOPLANENESS.OBJ
E:\QY_E\PRJ\YDY_0607\MAN0623\DEBUG\DOPLANENESS.SBR
E:\QY_E\PRJ\YDY_0607\MAN0623\DEBUG\DOSTRAIGHTNESS.OBJ
E:\QY_E\PRJ\YDY_0607\MAN0623\DEBUG\DOSTRAIGHTNESS.SBR
E:\QY_E\PRJ\YDY_0607\MAN0623\DEBUG\DOVERTICALITY.OBJ
E:\QY_E\PRJ\YDY_0607\MAN0623\DEBUG\DOVERTICALITY.SBR
E:\QY_E\PRJ\YDY_0607\MAN0623\DEBUG\HEADERCTRLCL.OBJ
E:\QY_E\PRJ\YDY_0607\MAN0623\DEBUG\HEADERCTRLCL.SBR
E:\QY_E\PRJ\YDY_0607\MAN0623\DEBUG\JMANALYSE.OBJ
E:\QY_E\PRJ\YDY_0607\MAN0623\DEBUG\JMANALYSE.SBR
E:\QY_E\PRJ\YDY_0607\MAN0623\DEBUG\LINE.OBJ
E:\QY_E\PRJ\YDY_0607\MAN0623\DEBUG\LINE.SBR
E:\QY_E\PRJ\YDY_0607\man0623\Debug\link.17680.read.1.tlog
E:\QY_E\PRJ\YDY_0607\man0623\Debug\link.17680.write.1.tlog
E:\QY_E\PRJ\YDY_0607\man0623\Debug\link.17680-cvtres.read.1.tlog
E:\QY_E\PRJ\YDY_0607\man0623\Debug\link.17680-cvtres.write.1.tlog
E:\QY_E\PRJ\YDY_0607\man0623\Debug\link.17776.read.1.tlog
E:\QY_E\PRJ\YDY_0607\man0623\Debug\link.17776.write.1.tlog
E:\QY_E\PRJ\YDY_0607\man0623\Debug\link.17776-cvtres.read.1.tlog
E:\QY_E\PRJ\YDY_0607\man0623\Debug\link.17776-cvtres.write.1.tlog
E:\QY_E\PRJ\YDY_0607\man0623\Debug\link.24400.read.1.tlog
E:\QY_E\PRJ\YDY_0607\man0623\Debug\link.24400.write.1.tlog
E:\QY_E\PRJ\YDY_0607\man0623\Debug\link.24400-cvtres.read.1.tlog
E:\QY_E\PRJ\YDY_0607\man0623\Debug\link.24400-cvtres.write.1.tlog
E:\QY_E\PRJ\YDY_0607\man0623\Debug\link.24716.read.1.tlog
E:\QY_E\PRJ\YDY_0607\man0623\Debug\link.24716.write.1.tlog
E:\QY_E\PRJ\YDY_0607\man0623\Debug\link.24716-cvtres.read.1.tlog
E:\QY_E\PRJ\YDY_0607\man0623\Debug\link.24716-cvtres.write.1.tlog
E:\QY_E\PRJ\YDY_0607\man0623\Debug\link.9076.read.1.tlog
E:\QY_E\PRJ\YDY_0607\man0623\Debug\link.9076.write.1.tlog
E:\QY_E\PRJ\YDY_0607\man0623\Debug\link.9076-cvtres.read.1.tlog
E:\QY_E\PRJ\YDY_0607\man0623\Debug\link.9076-cvtres.write.1.tlog
E:\QY_E\PRJ\YDY_0607\man0623\Debug\link.command.1.tlog
E:\QY_E\PRJ\YDY_0607\man0623\Debug\link.read.1.tlog
E:\QY_E\PRJ\YDY_0607\man0623\Debug\link.write.1.tlog
E:\QY_E\PRJ\YDY_0607\man0623\Debug\link-cvtres.read.1.tlog
E:\QY_E\PRJ\YDY_0607\man0623\Debug\link-cvtres.write.1.tlog
E:\QY_E\PRJ\YDY_0607\MAN0623\DEBUG\LISTCTRLCL.OBJ
E:\QY_E\PRJ\YDY_0607\MAN0623\DEBUG\LISTCTRLCL.SBR
E:\QY_E\PRJ\YDY_0607\MAN0623\DEBUG\LOGIN.OBJ
E:\QY_E\PRJ\YDY_0607\MAN0623\DEBUG\LOGIN.SBR
E:\QY_E\PRJ\YDY_0607\MAN0623\DEBUG\MAINFRM.OBJ
E:\QY_E\PRJ\YDY_0607\MAN0623\DEBUG\MAINFRM.SBR
E:\QY_E\PRJ\YDY_0607\MAN0623\DEBUG\MOTORCORRECTION.OBJ
E:\QY_E\PRJ\YDY_0607\MAN0623\DEBUG\MOTORCORRECTION.SBR
E:\QY_E\PRJ\YDY_0607\MAN0623\DEBUG\MOTORSTATE.OBJ
E:\QY_E\PRJ\YDY_0607\MAN0623\DEBUG\MOTORSTATE.SBR
E:\QY_E\PRJ\YDY_0607\man0623\Debug\mt.command.1.tlog
E:\QY_E\PRJ\YDY_0607\man0623\Debug\mt.read.1.tlog
E:\QY_E\PRJ\YDY_0607\man0623\Debug\mt.write.1.tlog
E:\QY_E\PRJ\YDY_0607\MAN0623\DEBUG\PAGEEDIT.OBJ
E:\QY_E\PRJ\YDY_0607\MAN0623\DEBUG\PAGEEDIT.SBR
E:\QY_E\PRJ\YDY_0607\MAN0623\DEBUG\PAGEFILTER.OBJ
E:\QY_E\PRJ\YDY_0607\MAN0623\DEBUG\PAGEFILTER.SBR
E:\QY_E\PRJ\YDY_0607\MAN0623\DEBUG\PAGEINOROUT.OBJ
E:\QY_E\PRJ\YDY_0607\MAN0623\DEBUG\PAGEINOROUT.SBR
E:\QY_E\PRJ\YDY_0607\MAN0623\DEBUG\PAGEPARAG.OBJ
E:\QY_E\PRJ\YDY_0607\MAN0623\DEBUG\PAGEPARAG.SBR
E:\QY_E\PRJ\YDY_0607\MAN0623\DEBUG\PAGEPROALG.OBJ
E:\QY_E\PRJ\YDY_0607\MAN0623\DEBUG\PAGEPROALG.SBR
E:\QY_E\PRJ\YDY_0607\MAN0623\DEBUG\PAGESELECT.OBJ
E:\QY_E\PRJ\YDY_0607\MAN0623\DEBUG\PAGESELECT.SBR
E:\QY_E\PRJ\YDY_0607\MAN0623\DEBUG\PAGETARGETECCENTRICITY.OBJ
E:\QY_E\PRJ\YDY_0607\MAN0623\DEBUG\PAGETARGETECCENTRICITY.SBR
E:\QY_E\PRJ\YDY_0607\MAN0623\DEBUG\PAGETIMES.OBJ
E:\QY_E\PRJ\YDY_0607\MAN0623\DEBUG\PAGETIMES.SBR
E:\QY_E\PRJ\YDY_0607\MAN0623\DEBUG\PROPERTYDLG.OBJ
E:\QY_E\PRJ\YDY_0607\MAN0623\DEBUG\PROPERTYDLG.SBR
E:\QY_E\PRJ\YDY_0607\man0623\Debug\rc.command.1.tlog
E:\QY_E\PRJ\YDY_0607\man0623\Debug\rc.read.1.tlog
E:\QY_E\PRJ\YDY_0607\man0623\Debug\rc.write.1.tlog
E:\QY_E\PRJ\YDY_0607\MAN0623\DEBUG\SCBARG.OBJ
E:\QY_E\PRJ\YDY_0607\MAN0623\DEBUG\SCBARG.SBR
E:\QY_E\PRJ\YDY_0607\MAN0623\DEBUG\SIZECBAR.OBJ
E:\QY_E\PRJ\YDY_0607\MAN0623\DEBUG\SIZECBAR.SBR
E:\QY_E\PRJ\YDY_0607\MAN0623\DEBUG\STDAFX.OBJ
E:\QY_E\PRJ\YDY_0607\MAN0623\DEBUG\STDAFX.SBR
E:\QY_E\PRJ\YDY_0607\man0623\Debug\vc100.idb
E:\QY_E\PRJ\YDY_0607\MAN0623\DEBUG\VC100.PDB
E:\QY_E\PRJ\YDY_0607\MAN0623\DEBUG\WILSON6.BSC
E:\QY_E\PRJ\YDY_0607\man0623\Debug\Wilson6.exe.intermediate.manifest
E:\QY_E\PRJ\YDY_0607\man0623\Debug\Wilson6.exe.manifest
E:\QY_E\PRJ\YDY_0607\man0623\Debug\Wilson6.ilk
E:\QY_E\PRJ\YDY_0607\MAN0623\DEBUG\WILSON6.OBJ
E:\QY_E\PRJ\YDY_0607\MAN0623\DEBUG\WILSON6.PCH
E:\QY_E\PRJ\YDY_0607\man0623\Debug\Wilson6.pdb
E:\QY_E\PRJ\YDY_0607\MAN0623\DEBUG\WILSON6.RES
E:\QY_E\PRJ\YDY_0607\MAN0623\DEBUG\WILSON6.SBR
E:\QY_E\PRJ\YDY_0607\man0623\Debug\Wilson6.vcxprojResolveAssemblyReference.cache
E:\QY_E\PRJ\YDY_0607\man0623\Debug\Wilson6.write.1.tlog
E:\QY_E\PRJ\YDY_0607\MAN0623\DEBUG\WILSONFRAME.OBJ
E:\QY_E\PRJ\YDY_0607\MAN0623\DEBUG\WILSONFRAME.SBR
H:\PRJ\YDY_0607\MAN0623\DEBUG\3DPOINT.OBJ
H:\PRJ\YDY_0607\MAN0623\DEBUG\3DPOINT.SBR
H:\PRJ\YDY_0607\MAN0623\DEBUG\AMPSCALE.OBJ
H:\PRJ\YDY_0607\MAN0623\DEBUG\AMPSCALE.SBR
H:\PRJ\YDY_0607\MAN0623\DEBUG\BIAODING.OBJ
H:\PRJ\YDY_0607\MAN0623\DEBUG\BIAODING.SBR
H:\PRJ\YDY_0607\MAN0623\DEBUG\BODY.OBJ
H:\PRJ\YDY_0607\MAN0623\DEBUG\BODY.SBR
H:\PRJ\YDY_0607\MAN0623\DEBUG\CANSHUCHUSHI.OBJ
H:\PRJ\YDY_0607\MAN0623\DEBUG\CANSHUCHUSHI.SBR
H:\PRJ\YDY_0607\MAN0623\DEBUG\COLORMAP.OBJ
H:\PRJ\YDY_0607\MAN0623\DEBUG\COLORMAP.SBR
H:\PRJ\YDY_0607\MAN0623\DEBUG\COMBOTOOLBAR1.OBJ
H:\PRJ\YDY_0607\MAN0623\DEBUG\COMBOTOOLBAR1.SBR
H:\PRJ\YDY_0607\MAN0623\DEBUG\DESKTOPVIEW.OBJ
H:\PRJ\YDY_0607\MAN0623\DEBUG\DESKTOPVIEW.SBR
H:\PRJ\YDY_0607\MAN0623\DEBUG\DLG_CZD.OBJ
H:\PRJ\YDY_0607\MAN0623\DEBUG\DLG_CZD.SBR
H:\PRJ\YDY_0607\MAN0623\DEBUG\DLG_PMD.OBJ
H:\PRJ\YDY_0607\MAN0623\DEBUG\DLG_PMD.SBR
H:\PRJ\YDY_0607\MAN0623\DEBUG\DLG_PMPXD.OBJ
H:\PRJ\YDY_0607\MAN0623\DEBUG\DLG_PMPXD.SBR
H:\PRJ\YDY_0607\MAN0623\DEBUG\DLG_PXD.OBJ
H:\PRJ\YDY_0607\MAN0623\DEBUG\DLG_PXD.SBR
H:\PRJ\YDY_0607\MAN0623\DEBUG\DLG_QKXS.OBJ
H:\PRJ\YDY_0607\MAN0623\DEBUG\DLG_QKXS.SBR
H:\PRJ\YDY_0607\MAN0623\DEBUG\DLG_SAVEPATH.OBJ
H:\PRJ\YDY_0607\MAN0623\DEBUG\DLG_SAVEPATH.SBR
H:\PRJ\YDY_0607\MAN0623\DEBUG\DLG_TZD.OBJ
H:\PRJ\YDY_0607\MAN0623\DEBUG\DLG_TZD.SBR
H:\PRJ\YDY_0607\MAN0623\DEBUG\DLG_YD.OBJ
H:\PRJ\YDY_0607\MAN0623\DEBUG\DLG_YD.SBR
H:\PRJ\YDY_0607\MAN0623\DEBUG\DLG_YZD.OBJ
H:\PRJ\YDY_0607\MAN0623\DEBUG\DLG_YZD.SBR
H:\PRJ\YDY_0607\MAN0623\DEBUG\DLG_ZXD.OBJ
H:\PRJ\YDY_0607\MAN0623\DEBUG\DLG_ZXD.SBR
H:\PRJ\YDY_0607\MAN0623\DEBUG\DLGAJUSTCENTER.OBJ
H:\PRJ\YDY_0607\MAN0623\DEBUG\DLGAJUSTCENTER.SBR
H:\PRJ\YDY_0607\MAN0623\DEBUG\DLGAJUSTCENTERANDPOSE.OBJ
H:\PRJ\YDY_0607\MAN0623\DEBUG\DLGAJUSTCENTERANDPOSE.SBR
H:\PRJ\YDY_0607\MAN0623\DEBUG\DLGAJUSTPINGJING.OBJ
H:\PRJ\YDY_0607\MAN0623\DEBUG\DLGAJUSTPINGJING.SBR
H:\PRJ\YDY_0607\MAN0623\DEBUG\DLGCHGQBIAODING.OBJ
H:\PRJ\YDY_0607\MAN0623\DEBUG\DLGCHGQBIAODING.SBR
H:\PRJ\YDY_0607\MAN0623\DEBUG\DLGEXTENDCIRCLE.OBJ
H:\PRJ\YDY_0607\MAN0623\DEBUG\DLGEXTENDCIRCLE.SBR
H:\PRJ\YDY_0607\MAN0623\DEBUG\DLGFREQUENCY1.OBJ
H:\PRJ\YDY_0607\MAN0623\DEBUG\DLGFREQUENCY1.SBR
H:\PRJ\YDY_0607\MAN0623\DEBUG\DLGGONGYISETTING.OBJ
H:\PRJ\YDY_0607\MAN0623\DEBUG\DLGGONGYISETTING.SBR
H:\PRJ\YDY_0607\MAN0623\DEBUG\DLGHANDS.OBJ
H:\PRJ\YDY_0607\MAN0623\DEBUG\DLGHANDS.SBR
H:\PRJ\YDY_0607\MAN0623\DEBUG\DLGMACHINEINF.OBJ
H:\PRJ\YDY_0607\MAN0623\DEBUG\DLGMACHINEINF.SBR
H:\PRJ\YDY_0607\MAN0623\DEBUG\DLGONEAXISPARA.OBJ
H:\PRJ\YDY_0607\MAN0623\DEBUG\DLGONEAXISPARA.SBR
H:\PRJ\YDY_0607\MAN0623\DEBUG\DLGONEAXISPARA1.OBJ
H:\PRJ\YDY_0607\MAN0623\DEBUG\DLGONEAXISPARA1.SBR
H:\PRJ\YDY_0607\MAN0623\DEBUG\DLGUSERMANAGEMENT.OBJ
H:\PRJ\YDY_0607\MAN0623\DEBUG\DLGUSERMANAGEMENT.SBR
H:\PRJ\YDY_0607\MAN0623\DEBUG\DLGZUOBIAO.OBJ
H:\PRJ\YDY_0607\MAN0623\DEBUG\DLGZUOBIAO.SBR
H:\PRJ\YDY_0607\MAN0623\DEBUG\DOADJUSTORITATION.OBJ
H:\PRJ\YDY_0607\MAN0623\DEBUG\DOADJUSTORITATION.SBR
H:\PRJ\YDY_0607\MAN0623\DEBUG\DOADJUSTPOSITION.OBJ
H:\PRJ\YDY_0607\MAN0623\DEBUG\DOADJUSTPOSITION.SBR
H:\PRJ\YDY_0607\MAN0623\DEBUG\DOCIRCLE.OBJ
H:\PRJ\YDY_0607\MAN0623\DEBUG\DOCIRCLE.SBR
H:\PRJ\YDY_0607\MAN0623\DEBUG\DOCIRCLERUNOUT.OBJ
H:\PRJ\YDY_0607\MAN0623\DEBUG\DOCIRCLERUNOUT.SBR
H:\PRJ\YDY_0607\MAN0623\DEBUG\DOCOAXIALITY.OBJ
H:\PRJ\YDY_0607\MAN0623\DEBUG\DOCOAXIALITY.SBR
H:\PRJ\YDY_0607\MAN0623\DEBUG\DOCYLINDER.OBJ
H:\PRJ\YDY_0607\MAN0623\DEBUG\DOCYLINDER.SBR
H:\PRJ\YDY_0607\MAN0623\DEBUG\DODYNAMICDISPLAY.OBJ
H:\PRJ\YDY_0607\MAN0623\DEBUG\DODYNAMICDISPLAY.SBR
H:\PRJ\YDY_0607\MAN0623\DEBUG\DOPARALLELISM.OBJ
H:\PRJ\YDY_0607\MAN0623\DEBUG\DOPARALLELISM.SBR
H:\PRJ\YDY_0607\MAN0623\DEBUG\DOPLANENESS.OBJ
H:\PRJ\YDY_0607\MAN0623\DEBUG\DOPLANENESS.SBR
H:\PRJ\YDY_0607\MAN0623\DEBUG\DOSTRAIGHTNESS.OBJ
H:\PRJ\YDY_0607\MAN0623\DEBUG\DOSTRAIGHTNESS.SBR
H:\PRJ\YDY_0607\MAN0623\DEBUG\DOVERTICALITY.OBJ
H:\PRJ\YDY_0607\MAN0623\DEBUG\DOVERTICALITY.SBR
H:\PRJ\YDY_0607\MAN0623\DEBUG\HEADERCTRLCL.OBJ
H:\PRJ\YDY_0607\MAN0623\DEBUG\HEADERCTRLCL.SBR
H:\PRJ\YDY_0607\MAN0623\DEBUG\JMANALYSE.OBJ
H:\PRJ\YDY_0607\MAN0623\DEBUG\JMANALYSE.SBR
H:\PRJ\YDY_0607\MAN0623\DEBUG\LINE.OBJ
H:\PRJ\YDY_0607\MAN0623\DEBUG\LINE.SBR
H:\PRJ\YDY_0607\MAN0623\DEBUG\LISTCTRLCL.OBJ
H:\PRJ\YDY_0607\MAN0623\DEBUG\LISTCTRLCL.SBR
H:\PRJ\YDY_0607\MAN0623\DEBUG\LOGIN.OBJ
H:\PRJ\YDY_0607\MAN0623\DEBUG\LOGIN.SBR
H:\PRJ\YDY_0607\MAN0623\DEBUG\MAINFRM.OBJ
H:\PRJ\YDY_0607\MAN0623\DEBUG\MAINFRM.SBR
H:\PRJ\YDY_0607\MAN0623\DEBUG\MOTORCORRECTION.OBJ
H:\PRJ\YDY_0607\MAN0623\DEBUG\MOTORCORRECTION.SBR
H:\PRJ\YDY_0607\MAN0623\DEBUG\MOTORSTATE.OBJ
H:\PRJ\YDY_0607\MAN0623\DEBUG\MOTORSTATE.SBR
H:\PRJ\YDY_0607\MAN0623\DEBUG\PAGEEDIT.OBJ
H:\PRJ\YDY_0607\MAN0623\DEBUG\PAGEEDIT.SBR
H:\PRJ\YDY_0607\MAN0623\DEBUG\PAGEFILTER.OBJ
H:\PRJ\YDY_0607\MAN0623\DEBUG\PAGEFILTER.SBR
H:\PRJ\YDY_0607\MAN0623\DEBUG\PAGEINOROUT.OBJ
H:\PRJ\YDY_0607\MAN0623\DEBUG\PAGEINOROUT.SBR
H:\PRJ\YDY_0607\MAN0623\DEBUG\PAGEPARAG.OBJ
H:\PRJ\YDY_0607\MAN0623\DEBUG\PAGEPARAG.SBR
H:\PRJ\YDY_0607\MAN0623\DEBUG\PAGEPROALG.OBJ
H:\PRJ\YDY_0607\MAN0623\DEBUG\PAGEPROALG.SBR
H:\PRJ\YDY_0607\MAN0623\DEBUG\PAGESELECT.OBJ
H:\PRJ\YDY_0607\MAN0623\DEBUG\PAGESELECT.SBR
H:\PRJ\YDY_0607\MAN0623\DEBUG\PAGETARGETECCENTRICITY.OBJ
H:\PRJ\YDY_0607\MAN0623\DEBUG\PAGETARGETECCENTRICITY.SBR
H:\PRJ\YDY_0607\MAN0623\DEBUG\PAGETIMES.OBJ
H:\PRJ\YDY_0607\MAN0623\DEBUG\PAGETIMES.SBR
H:\PRJ\YDY_0607\MAN0623\DEBUG\PROPERTYDLG.OBJ
H:\PRJ\YDY_0607\MAN0623\DEBUG\PROPERTYDLG.SBR
H:\PRJ\YDY_0607\MAN0623\DEBUG\SCBARG.OBJ
H:\PRJ\YDY_0607\MAN0623\DEBUG\SCBARG.SBR
H:\PRJ\YDY_0607\MAN0623\DEBUG\SIZECBAR.OBJ
H:\PRJ\YDY_0607\MAN0623\DEBUG\SIZECBAR.SBR
H:\PRJ\YDY_0607\MAN0623\DEBUG\STDAFX.OBJ
H:\PRJ\YDY_0607\MAN0623\DEBUG\STDAFX.SBR
H:\PRJ\YDY_0607\MAN0623\DEBUG\VC100.PDB
H:\PRJ\YDY_0607\MAN0623\DEBUG\WILSON6.BSC
H:\PRJ\YDY_0607\MAN0623\DEBUG\WILSON6.EXE
H:\PRJ\YDY_0607\MAN0623\DEBUG\WILSON6.EXE.INTERMEDIATE.MANIFEST
H:\PRJ\YDY_0607\MAN0623\DEBUG\WILSON6.ILK
H:\PRJ\YDY_0607\MAN0623\DEBUG\WILSON6.OBJ
H:\PRJ\YDY_0607\MAN0623\DEBUG\WILSON6.PCH
H:\PRJ\YDY_0607\MAN0623\DEBUG\WILSON6.PDB
H:\PRJ\YDY_0607\MAN0623\DEBUG\WILSON6.RES
H:\PRJ\YDY_0607\MAN0623\DEBUG\WILSON6.SBR
H:\PRJ\YDY_0607\MAN0623\DEBUG\WILSONFRAME.OBJ
H:\PRJ\YDY_0607\MAN0623\DEBUG\WILSONFRAME.SBR
H:\YDY_0606\MAN0623\DEBUG\3DPOINT.OBJ
H:\YDY_0606\MAN0623\DEBUG\3DPOINT.SBR
H:\YDY_0606\MAN0623\DEBUG\AMPSCALE.OBJ
H:\YDY_0606\MAN0623\DEBUG\AMPSCALE.SBR
H:\YDY_0606\MAN0623\DEBUG\BIAODING.OBJ
H:\YDY_0606\MAN0623\DEBUG\BIAODING.SBR
H:\YDY_0606\MAN0623\DEBUG\BODY.OBJ
H:\YDY_0606\MAN0623\DEBUG\BODY.SBR
H:\YDY_0606\MAN0623\DEBUG\CANSHUCHUSHI.OBJ
H:\YDY_0606\MAN0623\DEBUG\CANSHUCHUSHI.SBR
H:\YDY_0606\MAN0623\DEBUG\COLORMAP.OBJ
H:\YDY_0606\MAN0623\DEBUG\COLORMAP.SBR
H:\YDY_0606\MAN0623\DEBUG\COMBOTOOLBAR1.OBJ
H:\YDY_0606\MAN0623\DEBUG\COMBOTOOLBAR1.SBR
H:\YDY_0606\MAN0623\DEBUG\DESKTOPVIEW.OBJ
H:\YDY_0606\MAN0623\DEBUG\DESKTOPVIEW.SBR
H:\YDY_0606\MAN0623\DEBUG\DLG_CZD.OBJ
H:\YDY_0606\MAN0623\DEBUG\DLG_CZD.SBR
H:\YDY_0606\MAN0623\DEBUG\DLG_PMD.OBJ
H:\YDY_0606\MAN0623\DEBUG\DLG_PMD.SBR
H:\YDY_0606\MAN0623\DEBUG\DLG_PMPXD.OBJ
H:\YDY_0606\MAN0623\DEBUG\DLG_PMPXD.SBR
H:\YDY_0606\MAN0623\DEBUG\DLG_PXD.OBJ
H:\YDY_0606\MAN0623\DEBUG\DLG_PXD.SBR
H:\YDY_0606\MAN0623\DEBUG\DLG_QKXS.OBJ
H:\YDY_0606\MAN0623\DEBUG\DLG_QKXS.SBR
H:\YDY_0606\MAN0623\DEBUG\DLG_SAVEPATH.OBJ
H:\YDY_0606\MAN0623\DEBUG\DLG_SAVEPATH.SBR
H:\YDY_0606\MAN0623\DEBUG\DLG_TZD.OBJ
H:\YDY_0606\MAN0623\DEBUG\DLG_TZD.SBR
H:\YDY_0606\MAN0623\DEBUG\DLG_YD.OBJ
H:\YDY_0606\MAN0623\DEBUG\DLG_YD.SBR
H:\YDY_0606\MAN0623\DEBUG\DLG_YZD.OBJ
H:\YDY_0606\MAN0623\DEBUG\DLG_YZD.SBR
H:\YDY_0606\MAN0623\DEBUG\DLG_ZXD.OBJ
H:\YDY_0606\MAN0623\DEBUG\DLG_ZXD.SBR
H:\YDY_0606\MAN0623\DEBUG\DLGAJUSTCENTER.OBJ
H:\YDY_0606\MAN0623\DEBUG\DLGAJUSTCENTER.SBR
H:\YDY_0606\MAN0623\DEBUG\DLGAJUSTCENTERANDPOSE.OBJ
H:\YDY_0606\MAN0623\DEBUG\DLGAJUSTCENTERANDPOSE.SBR
H:\YDY_0606\MAN0623\DEBUG\DLGAJUSTPINGJING.OBJ
H:\YDY_0606\MAN0623\DEBUG\DLGAJUSTPINGJING.SBR
H:\YDY_0606\MAN0623\DEBUG\DLGCHGQBIAODING.OBJ
H:\YDY_0606\MAN0623\DEBUG\DLGCHGQBIAODING.SBR
H:\YDY_0606\MAN0623\DEBUG\DLGEXTENDCIRCLE.OBJ
H:\YDY_0606\MAN0623\DEBUG\DLGEXTENDCIRCLE.SBR
H:\YDY_0606\MAN0623\DEBUG\DLGFREQUENCY1.OBJ
H:\YDY_0606\MAN0623\DEBUG\DLGFREQUENCY1.SBR
H:\YDY_0606\MAN0623\DEBUG\DLGGONGYISETTING.OBJ
H:\YDY_0606\MAN0623\DEBUG\DLGGONGYISETTING.SBR
H:\YDY_0606\MAN0623\DEBUG\DLGHANDS.OBJ
H:\YDY_0606\MAN0623\DEBUG\DLGHANDS.SBR
H:\YDY_0606\MAN0623\DEBUG\DLGMACHINEINF.OBJ
H:\YDY_0606\MAN0623\DEBUG\DLGMACHINEINF.SBR
H:\YDY_0606\MAN0623\DEBUG\DLGONEAXISPARA.OBJ
H:\YDY_0606\MAN0623\DEBUG\DLGONEAXISPARA.SBR
H:\YDY_0606\MAN0623\DEBUG\DLGONEAXISPARA1.OBJ
H:\YDY_0606\MAN0623\DEBUG\DLGONEAXISPARA1.SBR
H:\YDY_0606\MAN0623\DEBUG\DLGUSERMANAGEMENT.OBJ
H:\YDY_0606\MAN0623\DEBUG\DLGUSERMANAGEMENT.SBR
H:\YDY_0606\MAN0623\DEBUG\DLGZUOBIAO.OBJ
H:\YDY_0606\MAN0623\DEBUG\DLGZUOBIAO.SBR
H:\YDY_0606\MAN0623\DEBUG\DOADJUSTORITATION.OBJ
H:\YDY_0606\MAN0623\DEBUG\DOADJUSTORITATION.SBR
H:\YDY_0606\MAN0623\DEBUG\DOADJUSTPOSITION.OBJ
H:\YDY_0606\MAN0623\DEBUG\DOADJUSTPOSITION.SBR
H:\YDY_0606\MAN0623\DEBUG\DOCIRCLE.OBJ
H:\YDY_0606\MAN0623\DEBUG\DOCIRCLE.SBR
H:\YDY_0606\MAN0623\DEBUG\DOCIRCLERUNOUT.OBJ
H:\YDY_0606\MAN0623\DEBUG\DOCIRCLERUNOUT.SBR
H:\YDY_0606\MAN0623\DEBUG\DOCOAXIALITY.OBJ
H:\YDY_0606\MAN0623\DEBUG\DOCOAXIALITY.SBR
H:\YDY_0606\MAN0623\DEBUG\DOCYLINDER.OBJ
H:\YDY_0606\MAN0623\DEBUG\DOCYLINDER.SBR
H:\YDY_0606\MAN0623\DEBUG\DODYNAMICDISPLAY.OBJ
H:\YDY_0606\MAN0623\DEBUG\DODYNAMICDISPLAY.SBR
H:\YDY_0606\MAN0623\DEBUG\DOPARALLELISM.OBJ
H:\YDY_0606\MAN0623\DEBUG\DOPARALLELISM.SBR
H:\YDY_0606\MAN0623\DEBUG\DOPLANENESS.OBJ
H:\YDY_0606\MAN0623\DEBUG\DOPLANENESS.SBR
H:\YDY_0606\MAN0623\DEBUG\DOSTRAIGHTNESS.OBJ
H:\YDY_0606\MAN0623\DEBUG\DOSTRAIGHTNESS.SBR
H:\YDY_0606\MAN0623\DEBUG\DOVERTICALITY.OBJ
H:\YDY_0606\MAN0623\DEBUG\DOVERTICALITY.SBR
H:\YDY_0606\MAN0623\DEBUG\HEADERCTRLCL.OBJ
H:\YDY_0606\MAN0623\DEBUG\HEADERCTRLCL.SBR
H:\YDY_0606\MAN0623\DEBUG\JMANALYSE.OBJ
H:\YDY_0606\MAN0623\DEBUG\JMANALYSE.SBR
H:\YDY_0606\MAN0623\DEBUG\LINE.OBJ
H:\YDY_0606\MAN0623\DEBUG\LINE.SBR
H:\YDY_0606\MAN0623\DEBUG\LISTCTRLCL.OBJ
H:\YDY_0606\MAN0623\DEBUG\LISTCTRLCL.SBR
H:\YDY_0606\MAN0623\DEBUG\LOGIN.OBJ
H:\YDY_0606\MAN0623\DEBUG\LOGIN.SBR
H:\YDY_0606\MAN0623\DEBUG\MAINFRM.OBJ
H:\YDY_0606\MAN0623\DEBUG\MAINFRM.SBR
H:\YDY_0606\MAN0623\DEBUG\MOTORCORRECTION.OBJ
H:\YDY_0606\MAN0623\DEBUG\MOTORCORRECTION.SBR
H:\YDY_0606\MAN0623\DEBUG\MOTORSTATE.OBJ
H:\YDY_0606\MAN0623\DEBUG\MOTORSTATE.SBR
H:\YDY_0606\MAN0623\DEBUG\PAGEEDIT.OBJ
H:\YDY_0606\MAN0623\DEBUG\PAGEEDIT.SBR
H:\YDY_0606\MAN0623\DEBUG\PAGEFILTER.OBJ
H:\YDY_0606\MAN0623\DEBUG\PAGEFILTER.SBR
H:\YDY_0606\MAN0623\DEBUG\PAGEINOROUT.OBJ
H:\YDY_0606\MAN0623\DEBUG\PAGEINOROUT.SBR
H:\YDY_0606\MAN0623\DEBUG\PAGEPARAG.OBJ
H:\YDY_0606\MAN0623\DEBUG\PAGEPARAG.SBR
H:\YDY_0606\MAN0623\DEBUG\PAGEPROALG.OBJ
H:\YDY_0606\MAN0623\DEBUG\PAGEPROALG.SBR
H:\YDY_0606\MAN0623\DEBUG\PAGESELECT.OBJ
H:\YDY_0606\MAN0623\DEBUG\PAGESELECT.SBR
H:\YDY_0606\MAN0623\DEBUG\PAGETARGETECCENTRICITY.OBJ
H:\YDY_0606\MAN0623\DEBUG\PAGETARGETECCENTRICITY.SBR
H:\YDY_0606\MAN0623\DEBUG\PAGETIMES.OBJ
H:\YDY_0606\MAN0623\DEBUG\PAGETIMES.SBR
H:\YDY_0606\MAN0623\DEBUG\PROPERTYDLG.OBJ
H:\YDY_0606\MAN0623\DEBUG\PROPERTYDLG.SBR
H:\YDY_0606\MAN0623\DEBUG\SCBARG.OBJ
H:\YDY_0606\MAN0623\DEBUG\SCBARG.SBR
H:\YDY_0606\MAN0623\DEBUG\SIZECBAR.OBJ
H:\YDY_0606\MAN0623\DEBUG\SIZECBAR.SBR
H:\YDY_0606\MAN0623\DEBUG\STDAFX.OBJ
H:\YDY_0606\MAN0623\DEBUG\STDAFX.SBR
H:\YDY_0606\MAN0623\DEBUG\VC100.PDB
H:\YDY_0606\MAN0623\DEBUG\WILSON6.BSC
H:\YDY_0606\MAN0623\DEBUG\WILSON6.EXE
H:\YDY_0606\MAN0623\DEBUG\WILSON6.EXE.INTERMEDIATE.MANIFEST
H:\YDY_0606\MAN0623\DEBUG\WILSON6.ILK
H:\YDY_0606\MAN0623\DEBUG\WILSON6.OBJ
H:\YDY_0606\MAN0623\DEBUG\WILSON6.PCH
H:\YDY_0606\MAN0623\DEBUG\WILSON6.PDB
H:\YDY_0606\MAN0623\DEBUG\WILSON6.RES
H:\YDY_0606\MAN0623\DEBUG\WILSON6.SBR
H:\YDY_0606\MAN0623\DEBUG\WILSONFRAME.OBJ
H:\YDY_0606\MAN0623\DEBUG\WILSONFRAME.SBR
